ROS_DISTRO was set to 'melodic' before. Please make sure that the environment does not mix paths from different distributions.
/home/abc/matlab/sys/ros1/glnxa64/ros1/etc/catkin/profile.d/99.roslisp.sh: 行 21: /mathworks/devel/bat/B3p2/build/3p/derived/glnxa64/ros1/python_venv/bin/python3: 没有那个文件或目录
-- The C compiler identification is GNU 7.5.0
-- The CXX compiler identification is GNU 7.5.0
-- Check for working C compiler: /usr/bin/cc
-- Check for working C compiler: /usr/bin/cc -- works
-- Detecting C compiler ABI info
-- Detecting C compiler ABI info - done
-- Detecting C compile features
-- Detecting C compile features - done
-- Check for working CXX compiler: /usr/bin/c++
-- Check for working CXX compiler: /usr/bin/c++ -- works
-- Detecting CXX compiler ABI info
-- Detecting CXX compiler ABI info - done
-- Detecting CXX compile features
-- Detecting CXX compile features - done
-- Using CATKIN_DEVEL_PREFIX: /home/abc/lander_control_ws/src/custom_msgs/matlab_msg_gen_ros1/glnxa64/devel
-- Using CMAKE_PREFIX_PATH: /home/abc/matlab/sys/ros1/glnxa64/ros1;/home/abc/matlab/toolbox/ros/mlroscpp/custom_messages
-- This workspace overlays: /home/abc/matlab/sys/ros1/glnxa64/ros1;/home/abc/matlab/toolbox/ros/mlroscpp/custom_messages
-- Found PythonInterp: /home/abc/.matlab/R2022a/ros1/glnxa64/venv/bin/python3 (found suitable version "3.9.13", minimum required is "3") 
-- Using PYTHON_EXECUTABLE: /home/abc/.matlab/R2022a/ros1/glnxa64/venv/bin/python3
-- Using Debian Python package layout
-- Using empy: /usr/bin/empy
-- Using CATKIN_ENABLE_TESTING: off
-- catkin 0.8.10
-- BUILD_SHARED_LIBS is on
/home/abc/lander_control_ws/src/custom_msgs/matlab_msg_gen_ros1/glnxa64/devel/env.sh: 1: /home/abc/matlab/sys/ros1/glnxa64/ros1/etc/catkin/profile.d/99.roslisp.sh: /mathworks/devel/bat/B3p2/build/3p/derived/glnxa64/ros1/python_venv/bin/python3: not found
-- BUILD_SHARED_LIBS is on
-- ~~~~~~~~~~~~~~~~~~~~~~~~~~~~~~~~~~~~~~~~~~~~~~~~~
-- ~~  traversing 1 packages in topological order:
-- ~~  - msgs_packages
-- ~~~~~~~~~~~~~~~~~~~~~~~~~~~~~~~~~~~~~~~~~~~~~~~~~
-- +++ processing catkin package: 'msgs_packages'
-- ==> add_subdirectory(msgs_packages)
-- Disabling the following message generators: geneus;genlisp;gennodejs
-- Using these message generators: gencpp;genpy
-- msgs_packages: 0 messages, 1 services
-- Configuring done
-- Generating done
CMake Warning:
  Manually-specified variables were not used by the project:

    Boost_NAMESPACE


-- Build files have been written to: /home/abc/lander_control_ws/src/custom_msgs/matlab_msg_gen_ros1/glnxa64/build
[1/7] cd /home/abc/lander_control_ws/src/custom_msgs/matlab_msg_gen_ros1/glnxa64/build/msgs_packages && /home/abc/lander_control_ws/src/custom_msgs/matlab_msg_gen_ros1/glnxa64/build/catkin_generated/env_cached.sh /home/abc/.matlab/R2022a/ros1/glnxa64/venv/bin/python3 /home/abc/matlab/sys/ros1/glnxa64/ros1/share/genmsg/cmake/../../../lib/genmsg/genmsg_check_deps.py msgs_packages /home/abc/lander_control_ws/src/custom_msgs/matlab_msg_gen_ros1/glnxa64/src/msgs_packages/srv/mv_msgs.srv
[2/7] Generating C++ code from msgs_packages/mv_msgs.srv
[3/7] Generating Python code from SRV msgs_packages/mv_msgs
[4/7] Generating Python srv __init__.py for msgs_packages
[5/7] Building CXX object msgs_packages/CMakeFiles/msgs_packages_matlab.dir/src/msgs_packages_mv_msgs_service.cpp.o
In file included from /home/abc/matlab/sys/ros1/glnxa64/ros1/include/ros/publisher.h:35:0,
                 from /home/abc/matlab/sys/ros1/glnxa64/ros1/include/ros/node_handle.h:32,
                 from /home/abc/matlab/sys/ros1/glnxa64/ros1/include/ros/ros.h:45,
                 from /home/abc/lander_control_ws/src/custom_msgs/matlab_msg_gen_ros1/glnxa64/src/msgs_packages/src/msgs_packages_mv_msgs_service.cpp:26:
/home/abc/matlab/sys/ros1/glnxa64/ros1/boost/include/boost/bind.hpp:77:1: note: #pragma message: The practice of declaring the Bind placeholders (_1, _2, ...) in the global namespace is deprecated. Please use <boost/bind/bind.hpp> + using namespace mwboost::placeholders, or define BOOST_BIND_GLOBAL_PLACEHOLDERS to retain the current behavior.
 )
 ^
[6/7] Linking CXX shared library /home/abc/lander_control_ws/src/custom_msgs/matlab_msg_gen_ros1/glnxa64/devel/lib/libmsgs_packages_matlab.so
[6/7] Install the project...
-- Install configuration: "Release"
-- Installing: /home/abc/lander_control_ws/src/custom_msgs/matlab_msg_gen_ros1/glnxa64/install/_setup_util.py
-- Installing: /home/abc/lander_control_ws/src/custom_msgs/matlab_msg_gen_ros1/glnxa64/install/env.sh
-- Installing: /home/abc/lander_control_ws/src/custom_msgs/matlab_msg_gen_ros1/glnxa64/install/setup.bash
-- Installing: /home/abc/lander_control_ws/src/custom_msgs/matlab_msg_gen_ros1/glnxa64/install/local_setup.bash
-- Installing: /home/abc/lander_control_ws/src/custom_msgs/matlab_msg_gen_ros1/glnxa64/install/setup.sh
-- Installing: /home/abc/lander_control_ws/src/custom_msgs/matlab_msg_gen_ros1/glnxa64/install/local_setup.sh
-- Installing: /home/abc/lander_control_ws/src/custom_msgs/matlab_msg_gen_ros1/glnxa64/install/setup.zsh
-- Installing: /home/abc/lander_control_ws/src/custom_msgs/matlab_msg_gen_ros1/glnxa64/install/local_setup.zsh
-- Installing: /home/abc/lander_control_ws/src/custom_msgs/matlab_msg_gen_ros1/glnxa64/install/.rosinstall
-- Installing: /home/abc/lander_control_ws/src/custom_msgs/matlab_msg_gen_ros1/glnxa64/install/share/msgs_packages/srv/mv_msgs.srv
-- Installing: /home/abc/lander_control_ws/src/custom_msgs/matlab_msg_gen_ros1/glnxa64/install/share/msgs_packages/cmake/msgs_packages-msg-paths.cmake
-- Installing: /home/abc/lander_control_ws/src/custom_msgs/matlab_msg_gen_ros1/glnxa64/install/include/msgs_packages
-- Installing: /home/abc/lander_control_ws/src/custom_msgs/matlab_msg_gen_ros1/glnxa64/install/include/msgs_packages/mv_msgsRequest.h
-- Installing: /home/abc/lander_control_ws/src/custom_msgs/matlab_msg_gen_ros1/glnxa64/install/include/msgs_packages/mv_msgs.h
-- Installing: /home/abc/lander_control_ws/src/custom_msgs/matlab_msg_gen_ros1/glnxa64/install/include/msgs_packages/mv_msgsResponse.h
Listing '/home/abc/lander_control_ws/src/custom_msgs/matlab_msg_gen_ros1/glnxa64/devel/lib/python3/dist-packages/msgs_packages'...
Compiling '/home/abc/lander_control_ws/src/custom_msgs/matlab_msg_gen_ros1/glnxa64/devel/lib/python3/dist-packages/msgs_packages/__init__.py'...
Listing '/home/abc/lander_control_ws/src/custom_msgs/matlab_msg_gen_ros1/glnxa64/devel/lib/python3/dist-packages/msgs_packages/srv'...
Compiling '/home/abc/lander_control_ws/src/custom_msgs/matlab_msg_gen_ros1/glnxa64/devel/lib/python3/dist-packages/msgs_packages/srv/__init__.py'...
Compiling '/home/abc/lander_control_ws/src/custom_msgs/matlab_msg_gen_ros1/glnxa64/devel/lib/python3/dist-packages/msgs_packages/srv/_mv_msgs.py'...
-- Installing: /home/abc/lander_control_ws/src/custom_msgs/matlab_msg_gen_ros1/glnxa64/install/lib/python3/dist-packages/msgs_packages
-- Installing: /home/abc/lander_control_ws/src/custom_msgs/matlab_msg_gen_ros1/glnxa64/install/lib/python3/dist-packages/msgs_packages/__pycache__
-- Installing: /home/abc/lander_control_ws/src/custom_msgs/matlab_msg_gen_ros1/glnxa64/install/lib/python3/dist-packages/msgs_packages/__pycache__/__init__.cpython-39.pyc
-- Installing: /home/abc/lander_control_ws/src/custom_msgs/matlab_msg_gen_ros1/glnxa64/install/lib/python3/dist-packages/msgs_packages/srv
-- Installing: /home/abc/lander_control_ws/src/custom_msgs/matlab_msg_gen_ros1/glnxa64/install/lib/python3/dist-packages/msgs_packages/srv/__pycache__
-- Installing: /home/abc/lander_control_ws/src/custom_msgs/matlab_msg_gen_ros1/glnxa64/install/lib/python3/dist-packages/msgs_packages/srv/__pycache__/__init__.cpython-39.pyc
-- Installing: /home/abc/lander_control_ws/src/custom_msgs/matlab_msg_gen_ros1/glnxa64/install/lib/python3/dist-packages/msgs_packages/srv/__pycache__/_mv_msgs.cpython-39.pyc
-- Installing: /home/abc/lander_control_ws/src/custom_msgs/matlab_msg_gen_ros1/glnxa64/install/lib/python3/dist-packages/msgs_packages/srv/_mv_msgs.py
-- Installing: /home/abc/lander_control_ws/src/custom_msgs/matlab_msg_gen_ros1/glnxa64/install/lib/python3/dist-packages/msgs_packages/srv/__init__.py
-- Installing: /home/abc/lander_control_ws/src/custom_msgs/matlab_msg_gen_ros1/glnxa64/install/lib/python3/dist-packages/msgs_packages/__init__.py
-- Installing: /home/abc/lander_control_ws/src/custom_msgs/matlab_msg_gen_ros1/glnxa64/install/lib/pkgconfig/msgs_packages.pc
-- Installing: /home/abc/lander_control_ws/src/custom_msgs/matlab_msg_gen_ros1/glnxa64/install/share/msgs_packages/cmake/msgs_packages-msg-extras.cmake
-- Installing: /home/abc/lander_control_ws/src/custom_msgs/matlab_msg_gen_ros1/glnxa64/install/share/msgs_packages/cmake/msgs_packagesConfig.cmake
-- Installing: /home/abc/lander_control_ws/src/custom_msgs/matlab_msg_gen_ros1/glnxa64/install/share/msgs_packages/cmake/msgs_packagesConfig-version.cmake
-- Installing: /home/abc/lander_control_ws/src/custom_msgs/matlab_msg_gen_ros1/glnxa64/install/share/msgs_packages/package.xml
-- Up-to-date: /home/abc/lander_control_ws/src/custom_msgs/matlab_msg_gen_ros1/glnxa64/install/include
-- Up-to-date: /home/abc/lander_control_ws/src/custom_msgs/matlab_msg_gen_ros1/glnxa64/install/include/msgs_packages
-- Installing: /home/abc/lander_control_ws/src/custom_msgs/matlab_msg_gen_ros1/glnxa64/install/include/msgs_packages/visibility_control.h
-- Installing: /home/abc/lander_control_ws/src/custom_msgs/matlab_msg_gen_ros1/glnxa64/install/lib/libmsgs_packages_matlab.so
-- Installing: /home/abc/lander_control_ws/src/custom_msgs/matlab_msg_gen_ros1/glnxa64/install/m/
-- Installing: /home/abc/lander_control_ws/src/custom_msgs/matlab_msg_gen_ros1/glnxa64/install/m//+ros
-- Installing: /home/abc/lander_control_ws/src/custom_msgs/matlab_msg_gen_ros1/glnxa64/install/m//+ros/+internal
-- Installing: /home/abc/lander_control_ws/src/custom_msgs/matlab_msg_gen_ros1/glnxa64/install/m//+ros/+internal/+ros
-- Installing: /home/abc/lander_control_ws/src/custom_msgs/matlab_msg_gen_ros1/glnxa64/install/m//+ros/+internal/+ros/+custommessages
-- Installing: /home/abc/lander_control_ws/src/custom_msgs/matlab_msg_gen_ros1/glnxa64/install/m//+ros/+internal/+ros/+custommessages/+msgs_packages
-- Installing: /home/abc/lander_control_ws/src/custom_msgs/matlab_msg_gen_ros1/glnxa64/install/m//+ros/+internal/+ros/+custommessages/+msgs_packages/mv_msgsRequest.m
-- Installing: /home/abc/lander_control_ws/src/custom_msgs/matlab_msg_gen_ros1/glnxa64/install/m//+ros/+internal/+ros/+custommessages/+msgs_packages/mv_msgsResponse.m
-- Installing: /home/abc/lander_control_ws/src/custom_msgs/matlab_msg_gen_ros1/glnxa64/install/m//+ros/+msggen
-- Installing: /home/abc/lander_control_ws/src/custom_msgs/matlab_msg_gen_ros1/glnxa64/install/m//+ros/+msggen/+msgs_packages
-- Installing: /home/abc/lander_control_ws/src/custom_msgs/matlab_msg_gen_ros1/glnxa64/install/m//+ros/+msggen/+msgs_packages/mv_msgsRequest.m
-- Installing: /home/abc/lander_control_ws/src/custom_msgs/matlab_msg_gen_ros1/glnxa64/install/m//+ros/+msggen/+msgs_packages/mv_msgsResponse.m
Base path: /home/abc/lander_control_ws/src/custom_msgs/matlab_msg_gen_ros1/glnxa64
Source space: /home/abc/lander_control_ws/src/custom_msgs/matlab_msg_gen_ros1/glnxa64/src
Build space: /home/abc/lander_control_ws/src/custom_msgs/matlab_msg_gen_ros1/glnxa64/build
Devel space: /home/abc/lander_control_ws/src/custom_msgs/matlab_msg_gen_ros1/glnxa64/devel
Install space: /home/abc/lander_control_ws/src/custom_msgs/matlab_msg_gen_ros1/glnxa64/install
Creating symlink "/home/abc/lander_control_ws/src/custom_msgs/matlab_msg_gen_ros1/glnxa64/src/CMakeLists.txt" pointing to "/home/abc/matlab/sys/ros1/glnxa64/ros1/share/catkin/cmake/toplevel.cmake"
####
#### Running command: "cmake /home/abc/lander_control_ws/src/custom_msgs/matlab_msg_gen_ros1/glnxa64/src -DALIAS_ROS1_CLASS_LOADER=1 -DBoost_NAMESPACE=mwboost -DCATKIN_ENABLE_TESTING=off -DCMAKE_PREFIX_PATH=/home/abc/matlab/sys/ros1/glnxa64/ros1;/home/abc/matlab/toolbox/ros/mlroscpp/custom_messages -DCMAKE_BUILD_TYPE=Release -DCMAKE_CXX_FLAGS_RELEASE=-O0 -DCATKIN_DEVEL_PREFIX=/home/abc/lander_control_ws/src/custom_msgs/matlab_msg_gen_ros1/glnxa64/devel -DCMAKE_INSTALL_PREFIX=/home/abc/lander_control_ws/src/custom_msgs/matlab_msg_gen_ros1/glnxa64/install -G Ninja" in "/home/abc/lander_control_ws/src/custom_msgs/matlab_msg_gen_ros1/glnxa64/build"
####
####
#### Running command: "ninja install install -j4 -l4" in "/home/abc/lander_control_ws/src/custom_msgs/matlab_msg_gen_ros1/glnxa64/build"
####
